\BOOKMARK [0][-]{chapter*.1}{\376\377\000M\036\345\000c\000\040\000l\036\345\000c}{}% 1
\BOOKMARK [-1][-]{part.1}{\376\377\000I\000\040\000T\000o\000\341\000n}{}% 2
\BOOKMARK [0][-]{chapter.1}{\376\377\000X\000\341\000c\000\040\000s\000u\036\245\000t}{part.1}% 3
\BOOKMARK [1][-]{section.1.1}{\376\377\000P\000r\000o\000b\000a\000b\000i\000l\000i\000t\000y\000\040\000D\000i\000s\000t\000r\000i\000b\000u\000t\000i\000o\000n\000s}{chapter.1}% 4
\BOOKMARK [2][-]{subsection.1.1.1}{\376\377\000E\000v\000e\000n\000t\000\040\000S\000p\000a\000c\000e\000s}{section.1.1}% 5
\BOOKMARK [2][-]{subsection.1.1.2}{\376\377\000P\000r\000o\000b\000a\000b\000i\000l\000i\000t\000y\000\040\000D\000i\000s\000t\000r\000i\000b\000u\000t\000i\000o\000n\000s}{section.1.1}% 6
\BOOKMARK [1][-]{section.1.2}{\376\377\000B\000a\000s\000i\000c\000\040\000C\000o\000n\000c\000e\000p\000t\000s\000\040\000i\000n\000\040\000P\000r\000o\000b\000a\000b\000i\000l\000i\000t\000y}{chapter.1}% 7
\BOOKMARK [2][-]{subsection.1.2.1}{\376\377\000C\000o\000n\000d\000i\000t\000i\000o\000n\000a\000l\000\040\000P\000r\000o\000b\000a\000b\000i\000l\000i\000t\000y}{section.1.2}% 8
\BOOKMARK [1][-]{section.1.3}{\376\377\000C\000h\000a\000i\000n\000\040\000R\000u\000l\000e\000\040\000a\000n\000d\000\040\000B\000a\000y\000e\000s\000\040\000R\000u\000l\000e}{chapter.1}% 9
\BOOKMARK [1][-]{section.1.4}{\376\377\000R\000a\000n\000d\000o\000m\000\040\000V\000a\000r\000i\000a\000b\000l\000e\000s\000\040\000a\000n\000d\000\040\000J\000o\000i\000n\000t\000\040\000D\000i\000s\000t\000r\000i\000b\000u\000t\000i\000o\000n\000s}{chapter.1}% 10
\BOOKMARK [2][-]{subsection.1.4.1}{\376\377\000M\000o\000t\000i\000v\000a\000t\000i\000o\000n}{section.1.4}% 11
\BOOKMARK [2][-]{subsection.1.4.2}{\376\377\000W\000h\000a\000t\000\040\000I\000s\000\040\000a\000\040\000R\000a\000n\000d\000o\000m\000\040\000V\000a\000r\000i\000a\000b\000l\000e\000?}{section.1.4}% 12
\BOOKMARK [1][-]{section.1.5}{\376\377\000I\000n\000d\000e\000p\000e\000n\000d\000e\000n\000c\000e\000\040\000a\000n\000d\000\040\000C\000o\000n\000d\000i\000t\000i\000o\000n\000a\000l\000\040\000I\000n\000d\000e\000p\000e\000n\000d\000e\000n\000c\000e}{chapter.1}% 13
\BOOKMARK [1][-]{section.1.6}{\376\377\000Q\000u\000e\000r\000y\000i\000n\000g\000\040\000a\000\040\000D\000i\000s\000t\000r\000i\000b\000u\000t\000i\000o\000n}{chapter.1}% 14
\BOOKMARK [2][-]{subsection.1.6.1}{\376\377\0005\000.\0001\000\040\000P\000r\000o\000b\000a\000b\000i\000l\000i\000t\000y\000\040\000Q\000u\000e\000r\000i\000e\000s}{section.1.6}% 15
\BOOKMARK [2][-]{subsection.1.6.2}{\376\377\0005\000.\0002\000\040\000M\000A\000P\000\040\000Q\000u\000e\000r\000i\000e\000s}{section.1.6}% 16
\BOOKMARK [2][-]{subsection.1.6.3}{\376\377\0005\000.\0003\000\040\000M\000a\000r\000g\000i\000n\000a\000l\000\040\000M\000A\000P\000\040\000Q\000u\000e\000r\000i\000e\000s}{section.1.6}% 17
\BOOKMARK [1][-]{section.1.7}{\376\377\000C\000o\000n\000t\000i\000n\000u\000o\000u\000s\000\040\000S\000p\000a\000c\000e\000s}{chapter.1}% 18
\BOOKMARK [1][-]{section.1.8}{\376\377\000K\000\354\000\040\000v\036\315\000n\000g\000\040\000v\000\340\000\040\000p\000h\001\260\001\241\000n\000g\000\040\000s\000a\000i}{chapter.1}% 19
\BOOKMARK [2][-]{subsection.1.8.1}{\376\377\000K\000\354\000\040\000v\036\315\000n\000g}{section.1.8}% 20
\BOOKMARK [2][-]{subsection.1.8.2}{\376\377\000P\000h\001\260\001\241\000n\000g\000\040\000s\000a\000i}{section.1.8}% 21
\BOOKMARK [1][-]{section.1.9}{\376\377\000C\000\341\000c\000\040\000h\000\340\000m\000\040\000p\000h\000\342\000n\000\040\000p\000h\036\321\000i\000\040\000t\000h\000\364\000n\000g\000\040\000d\036\345\000n\000g}{chapter.1}% 22
\BOOKMARK [2][-]{subsection.1.9.1}{\376\377\000B\000i\036\277\000n\000\040\000r\036\335\000i\000\040\000r\036\241\000c}{section.1.9}% 23
\BOOKMARK [2][-]{subsection.1.9.2}{\376\377\000B\000i\036\277\000n\000\040\000n\000g\036\253\000u\000\040\000n\000h\000i\000\352\000n\000\040\000B\000e\000r\000n\000o\000u\000l\000l\000i}{section.1.9}% 24
\BOOKMARK [2][-]{subsection.1.9.3}{\376\377\000P\000h\000\342\000n\000\040\000p\000h\036\321\000i\000\040\000B\000e\000r\000n\000o\000u\000l\000l\000i}{section.1.9}% 25
\BOOKMARK [2][-]{subsection.1.9.4}{\376\377\000P\000h\000\342\000n\000\040\000p\000h\036\321\000i\000\040\000B\000i\000n\000o\000m\000i\000a\000l}{section.1.9}% 26
\BOOKMARK [2][-]{subsection.1.9.5}{\376\377\000P\000h\000\342\000n\000\040\000p\000h\036\321\000i\000\040\000P\000o\000i\000s\000s\000o\000n}{section.1.9}% 27
\BOOKMARK [2][-]{subsection.1.9.6}{\376\377\000P\000h\000\342\000n\000\040\000p\000h\036\321\000i\000\040\000G\000e\000o\000m\000e\000t\000r\000i\000c}{section.1.9}% 28
\BOOKMARK [2][-]{subsection.1.9.7}{\376\377\000P\000h\000\342\000n\000\040\000p\000h\036\321\000i\000\040\000N\000e\000g\000a\000t\000i\000v\000e\000\040\000B\000i\000n\000o\000m\000i\000a\000l}{section.1.9}% 29
\BOOKMARK [2][-]{subsection.1.9.8}{\376\377\000P\000h\000\342\000n\000\040\000p\000h\036\321\000i\000\040\000H\000y\000p\000e\000r\000\040\000G\000e\000o\000m\000e\000t\000r\000i\000c}{section.1.9}% 30
\BOOKMARK [2][-]{subsection.1.9.9}{\376\377\000B\000i\036\277\000n\000\040\000l\000i\000\352\000n\000\040\000t\036\345\000c}{section.1.9}% 31
\BOOKMARK [2][-]{subsection.1.9.10}{\376\377\000P\000h\000\342\000n\000\040\000p\000h\036\321\000i\000\040\001\021\036\301\000u}{section.1.9}% 32
\BOOKMARK [0][-]{chapter.2}{\376\377\000T\000h\036\321\000n\000g\000\040\000k\000\352}{part.1}% 33
\BOOKMARK [-1][-]{part.2}{\376\377\000I\000I\000\040\000L\000i\000n\000h\000\040\000t\000i\000n\000h}{}% 34
\BOOKMARK [0][-]{chapter.3}{\376\377\000N\000g\000h\000i\000\352\000n\000\040\000c\036\351\000u}{part.2}% 35
\BOOKMARK [1][-]{section.3.1}{\376\377\000C\000\341\000c\000\040\000c\000\364\000n\000g\000\040\000c\036\345}{chapter.3}% 36
\BOOKMARK [2][-]{subsection.3.1.1}{\376\377\000G\000o\000o\000g\000l\000e\000\040\000S\000c\000h\000o\000l\000a\000r\000\040\000\046\000\040\000S\000e\000m\000a\000n\000t\000i\000c\000\040\000S\000c\000h\000o\000l\000a\000r}{section.3.1}% 37
\BOOKMARK [2][-]{subsection.3.1.2}{\376\377\000M\000e\000n\000d\000e\000l\000e\000y}{section.3.1}% 38
\BOOKMARK [2][-]{subsection.3.1.3}{\376\377\000H\036\331\000i\000\040\000n\000g\000h\036\313\000\040\000v\000\340\000\040\000t\036\241\000p\000\040\000c\000h\000\355}{section.3.1}% 39
\BOOKMARK [2][-]{subsection.3.1.4}{\376\377\000C\000\342\000u\000\040\000c\000h\000u\000y\036\307\000n\000\040\000c\036\347\000a\000\040\000S\000c\000i\000h\000u\000b}{section.3.1}% 40
\BOOKMARK [1][-]{section.3.2}{\376\377\000L\000\340\000m\000\040\000s\000a\000o\000\040\001\021\036\303\000\040\000n\000g\000h\000i\000\352\000n\000\040\000c\036\351\000u\000\040\000t\036\321\000t}{chapter.3}% 41
\BOOKMARK [1][-]{section.3.3}{\376\377\000S\000\341\000c\000h\000\040\000g\000i\000\341\000o\000\040\000k\000h\000o\000a}{chapter.3}% 42
\BOOKMARK [1][-]{section.3.4}{\376\377\000L\001\260\036\343\000m\000\040\000l\036\267\000t}{chapter.3}% 43
\BOOKMARK [1][-]{section.3.5}{\376\377\000T\000h\000u\000y\036\277\000t\000\040\000t\000r\000\354\000n\000h}{chapter.3}% 44
\BOOKMARK [0][-]{chapter.4}{\376\377\000N\000g\000h\036\301\000\040\000l\036\255\000p\000\040\000t\000r\000\354\000n\000h}{part.2}% 45
\BOOKMARK [0][-]{chapter.5}{\376\377\000L\000a\000t\000e\000x}{part.2}% 46
\BOOKMARK [0][-]{chapter.6}{\376\377\000C\000h\000\340\000o\000\040\000h\000\340\000n\000g}{part.2}% 47
\BOOKMARK [0][-]{chapter.7}{\376\377\000P\000h\000\341\000t\000\040\000t\000r\000i\036\303\000n\000\040\000p\000h\036\247\000n\000\040\000m\036\301\000m}{part.2}% 48
\BOOKMARK [0][-]{chapter.8}{\376\377\000P\000h\001\260\001\241\000n\000g\000\040\000p\000h\000\341\000p\000\040\000l\000\340\000m\000\040\000v\000i\036\307\000c}{part.2}% 49
\BOOKMARK [0][-]{chapter.9}{\376\377\000A\000g\000i\000l\000e}{part.2}% 50
\BOOKMARK [1][-]{section.9.1}{\376\377\000I\000n\000t\000r\000o\000d\000u\000c\000t\000i\000o\000n}{chapter.9}% 51
\BOOKMARK [1][-]{section.9.2}{\376\377\000T\000e\000a\000m}{chapter.9}% 52
\BOOKMARK [1][-]{section.9.3}{\376\377\000A\000r\000t\000i\000f\000a\000c\000t\000s}{chapter.9}% 53
\BOOKMARK [1][-]{section.9.4}{\376\377\000M\000e\000e\000t\000i\000n\000g\000s}{chapter.9}% 54
\BOOKMARK [0][-]{chapter.10}{\376\377\000D\000o\000c\000k\000e\000r}{part.2}% 55
\BOOKMARK [1][-]{section.10.1}{\376\377\000G\000e\000t\000\040\000S\000t\000a\000r\000t\000e\000d}{chapter.10}% 56
\BOOKMARK [1][-]{section.10.2}{\376\377\000D\000e\000v}{chapter.10}% 57
\BOOKMARK [1][-]{section.10.3}{\376\377\000D\000o\000c\000k\000e\000r\000f\000i\000l\000e}{chapter.10}% 58
\BOOKMARK [1][-]{section.10.4}{\376\377\000C\000o\000n\000t\000a\000i\000n\000e\000r}{chapter.10}% 59
\BOOKMARK [1][-]{section.10.5}{\376\377\000C\000o\000m\000p\000o\000s\000e}{chapter.10}% 60
\BOOKMARK [1][-]{section.10.6}{\376\377\000S\000w\000a\000r\000m}{chapter.10}% 61
\BOOKMARK [1][-]{section.10.7}{\376\377\000U\000C\000P}{chapter.10}% 62
\BOOKMARK [1][-]{section.10.8}{\376\377\000L\000a\000b\000s}{chapter.10}% 63
\BOOKMARK [1][-]{section.10.9}{\376\377\000G\000U\000I}{chapter.10}% 64
\BOOKMARK [0][-]{chapter.11}{\376\377\000L\000e\000a\000n}{part.2}% 65
\BOOKMARK [1][-]{section.11.1}{\376\377\000L\000e\000a\000n\000\040\000C\000a\000n\000v\000a\000s}{chapter.11}% 66
\BOOKMARK [1][-]{section.11.2}{\376\377\000W\000o\000r\000k\000f\000l\000o\000w}{chapter.11}% 67
\BOOKMARK [1][-]{section.11.3}{\376\377\000V\000a\000l\000i\000d\000a\000t\000e\000d\000\040\000L\000e\000a\000r\000n\000i\000n\000g}{chapter.11}% 68
\BOOKMARK [-1][-]{chapter*.5}{\376\377\000T\000\340\000i\000\040\000l\000i\036\307\000u}{}% 69
\BOOKMARK [-1][-]{chapter*.6}{\376\377\000C\000h\036\311\000\040\000m\036\345\000c}{}% 70
\BOOKMARK [-1][-]{chapter*.7}{\376\377\000G\000h\000i\000\040\000c\000h\000\372}{}% 71
